19:54:22: Creating resource group General
19:54:22: Creating resource group Internal
19:54:22: Creating resource group Autodetect
19:54:22: SceneManagerFactory for type 'DefaultSceneManager' registered.
19:54:22: Registering ResourceManager for type Material
19:54:22: Registering ResourceManager for type Mesh
19:54:22: Registering ResourceManager for type Skeleton
19:54:22: MovableObjectFactory for type 'ParticleSystem' registered.
19:54:22: OverlayElementFactory for type Panel registered.
19:54:22: OverlayElementFactory for type BorderPanel registered.
19:54:22: OverlayElementFactory for type TextArea registered.
19:54:22: Registering ResourceManager for type Font
19:54:22: ArchiveFactory for archive type FileSystem registered.
19:54:22: ArchiveFactory for archive type Zip registered.
19:54:22: ArchiveFactory for archive type EmbeddedZip registered.
19:54:22: DDS codec registering
19:54:22: FreeImage version: 3.15.4
19:54:22: This program uses FreeImage, a free, open source image library supporting all common bitmap formats. See http://freeimage.sourceforge.net for details
19:54:22: Supported formats: bmp,ico,jpg,jif,jpeg,jpe,jng,koa,iff,lbm,mng,pbm,pbm,pcd,pcx,pgm,pgm,png,ppm,ppm,ras,tga,targa,tif,tiff,wap,wbmp,wbm,psd,cut,xbm,xpm,gif,hdr,g3,sgi,exr,j2k,j2c,jp2,pfm,pct,pict,pic,3fr,arw,bay,bmq,cap,cine,cr2,crw,cs1,dc2,dcr,drf,dsc,dng,erf,fff,ia,iiq,k25,kc2,kdc,mdc,mef,mos,mrw,nef,nrw,orf,pef,ptx,pxn,qtk,raf,raw,rdc,rw2,rwl,rwz,sr2,srf,srw,sti
19:54:22: Registering ResourceManager for type HighLevelGpuProgram
19:54:22: Registering ResourceManager for type Compositor
19:54:22: MovableObjectFactory for type 'Entity' registered.
19:54:22: MovableObjectFactory for type 'Light' registered.
19:54:22: MovableObjectFactory for type 'BillboardSet' registered.
19:54:22: MovableObjectFactory for type 'ManualObject' registered.
19:54:22: MovableObjectFactory for type 'BillboardChain' registered.
19:54:22: MovableObjectFactory for type 'RibbonTrail' registered.
19:54:22: Loading library /usr/lib/x86_64-linux-gnu/OGRE-1.8.0/RenderSystem_GL
19:54:22: Installing plugin: GL RenderSystem
19:54:22: OpenGL Rendering Subsystem created.
19:54:22: Plugin successfully installed
19:54:22: *-*-* OGRE Initialising
19:54:22: *-*-* Version 1.8.1 (Byatis)
19:54:22: Added resource location 'media' of type 'FileSystem' to resource group 'General'
19:54:22: Added resource location 'media/PaddleMedia' of type 'FileSystem' to resource group 'General'
19:54:22: Added resource location 'media/Robotillo' of type 'FileSystem' to resource group 'General'
19:54:22: CPU Identifier & Features
19:54:22: -------------------------
19:54:22:  *   CPU ID: GenuineIntel: Intel(R) Core(TM) i7-4650U CPU @ 1.70GHz
19:54:22:  *      SSE: yes
19:54:22:  *     SSE2: yes
19:54:22:  *     SSE3: yes
19:54:22:  *      MMX: yes
19:54:22:  *   MMXEXT: yes
19:54:22:  *    3DNOW: no
19:54:22:  * 3DNOWEXT: no
19:54:22:  *     CMOV: yes
19:54:22:  *      TSC: yes
19:54:22:  *      FPU: yes
19:54:22:  *      PRO: yes
19:54:22:  *       HT: no
19:54:22: -------------------------
19:54:22: ******************************
*** Starting GLX Subsystem ***
******************************
19:54:22: Registering ResourceManager for type Texture
19:54:22: GLRenderSystem::_createRenderWindow "Game State Example", 800x600 windowed  miscParams: FSAA=0 displayFrequency=56 MHz gamma=No vsync=No 
19:54:22: GLXWindow::create used FBConfigID = 66
19:54:22: GL_VERSION = 2.1 INTEL-8.26.34
19:54:22: GL_VENDOR = Parallels and Intel Inc.
19:54:22: GL_RENDERER = Parallels using Intel HD Graphics 5000 OpenGL Engine
19:54:22: GL_EXTENSIONS = GL_EXT_texture3D GL_ARB_color_buffer_float GL_ARB_depth_texture GL_ARB_draw_buffers GL_ARB_fragment_program GL_ARB_fragment_program_shadow GL_ARB_fragment_shader GL_ARB_framebuffer_object GL_ARB_half_float_pixel GL_ARB_half_float_vertex GL_ARB_multisample GL_ARB_multitexture GL_ARB_occlusion_query GL_ARB_pixel_buffer_object GL_ARB_point_parameters GL_ARB_point_sprite GL_ARB_shader_objects GL_ARB_shader_texture_lod GL_ARB_shading_language_100 GL_ARB_shadow GL_ARB_texture_border_clamp GL_ARB_texture_compression GL_ARB_texture_compression_rgtc GL_ARB_texture_cube_map GL_ARB_texture_env_add GL_ARB_texture_env_combine GL_ARB_texture_env_crossbar GL_ARB_texture_env_dot3 GL_ARB_texture_float GL_ARB_texture_mirrored_repeat GL_ARB_texture_non_power_of_two GL_ARB_texture_rectangle GL_ARB_texture_rg GL_ARB_transpose_matrix GL_ARB_vertex_blend GL_ARB_vertex_buffer_object GL_ARB_vertex_program GL_ARB_vertex_shader GL_ARB_window_pos GL_EXT_abgr GL_EXT_bgra GL_EXT_blend_color GL_EXT_blend_equation_separate GL_EXT_blend_func_separate GL_EXT_blend_minmax GL_EXT_blend_subtract GL_EXT_clip_volume_hint GL_EXT_draw_buffers2 GL_EXT_draw_range_elements GL_EXT_fog_coord GL_EXT_framebuffer_blit GL_EXT_framebuffer_multisample GL_EXT_framebuffer_object GL_EXT_framebuffer_sRGB GL_EXT_geometry_shader4 GL_EXT_gpu_program_parameters GL_EXT_multi_draw_arrays GL_EXT_packed_depth_stencil GL_EXT_packed_float GL_EXT_provoking_vertex GL_EXT_rescale_normal GL_EXT_secondary_color GL_EXT_separate_specular_color GL_EXT_shadow_funcs GL_EXT_stencil_two_side GL_EXT_stencil_wrap GL_EXT_texture_array GL_EXT_texture_compression_dxt1 GL_EXT_texture_compression_s3tc GL_EXT_texture_env_add GL_EXT_texture_filter_anisotropic GL_EXT_texture_integer GL_EXT_texture_lod_bias GL_EXT_texture_rectangle GL_EXT_texture_shared_exponent GL_EXT_texture_sRGB GL_EXT_vertex_array_bgra GL_ATI_separate_stencil GL_ATI_texture_env_combine3 GL_ATI_texture_float GL_ATI_texture_mirror_once GL_NV_blend_square GL_NV_depth_clamp GL_NV_fog_distance GL_NV_light_max_exponent GL_NV_texgen_reflection GL_SGIS_generate_mipmap GL_SGIS_texture_edge_clamp GL_SGIS_texture_lod GL_EXT_texture_env_combine GL_NV_texture_rectangle GL_EXT_texture_edge_clamp GL_ARB_map_buffer_range
19:54:22: Supported GLX extensions: GLX_ARB_get_proc_address GLX_SGIX_fbconfig GLX_EXT_texture_from_pixmap
19:54:22: ***************************
19:54:22: *** GL Renderer Started ***
19:54:22: ***************************
19:54:22: Registering ResourceManager for type GpuProgram
19:54:22: GLSL support detected
19:54:22: GL: Using GL_EXT_framebuffer_object for rendering to textures (best)
19:54:22: FBO PF_UNKNOWN depth/stencil support: D0S1 D0S4 D0S8 D0S16 D16S0 D24S0 D32S0 Packed-D24S8 
19:54:22: FBO PF_R5G6B5 depth/stencil support: D0S0 D0S1 D0S4 D0S8 D0S16 D16S0 D24S0 D32S0 Packed-D24S8 
19:54:22: FBO PF_B5G6R5 depth/stencil support: D0S0 D0S1 D0S4 D0S8 D0S16 D16S0 D24S0 D32S0 Packed-D24S8 
19:54:22: FBO PF_A4R4G4B4 depth/stencil support: D0S0 D0S1 D0S4 D0S8 D0S16 D16S0 D24S0 D32S0 Packed-D24S8 
19:54:22: FBO PF_A1R5G5B5 depth/stencil support: D0S0 D0S1 D0S4 D0S8 D0S16 D16S0 D24S0 D32S0 Packed-D24S8 
19:54:22: FBO PF_R8G8B8 depth/stencil support: D0S0 D0S1 D0S4 D0S8 D0S16 D16S0 D24S0 D32S0 Packed-D24S8 
19:54:22: FBO PF_B8G8R8 depth/stencil support: D0S0 D0S1 D0S4 D0S8 D0S16 D16S0 D24S0 D32S0 Packed-D24S8 
19:54:22: FBO PF_A8R8G8B8 depth/stencil support: D0S0 D0S1 D0S4 D0S8 D0S16 D16S0 D24S0 D32S0 Packed-D24S8 
19:54:23: FBO PF_B8G8R8A8 depth/stencil support: D0S0 D0S1 D0S4 D0S8 D0S16 D16S0 D24S0 D32S0 Packed-D24S8 
19:54:23: FBO PF_A2R10G10B10 depth/stencil support: D0S0 D0S1 D0S4 D0S8 D0S16 D16S0 D24S0 D32S0 Packed-D24S8 
19:54:23: FBO PF_A2B10G10R10 depth/stencil support: D0S0 D0S1 D0S4 D0S8 D0S16 D16S0 D24S0 D32S0 Packed-D24S8 
19:54:23: FBO PF_FLOAT16_RGB depth/stencil support: D0S0 D0S1 D0S4 D0S8 D0S16 D16S0 D24S0 D32S0 Packed-D24S8 
19:54:23: FBO PF_FLOAT16_RGBA depth/stencil support: D0S0 D0S1 D0S4 D0S8 D0S16 D16S0 D24S0 D32S0 Packed-D24S8 
19:54:23: FBO PF_FLOAT32_RGB depth/stencil support: D0S0 D0S1 D0S4 D0S8 D0S16 D16S0 D24S0 D32S0 Packed-D24S8 
19:54:23: FBO PF_FLOAT32_RGBA depth/stencil support: D0S0 D0S1 D0S4 D0S8 D0S16 D16S0 D24S0 D32S0 Packed-D24S8 
19:54:23: FBO PF_X8R8G8B8 depth/stencil support: D0S0 D0S1 D0S4 D0S8 D0S16 D16S0 D24S0 D32S0 Packed-D24S8 
19:54:23: FBO PF_X8B8G8R8 depth/stencil support: D0S0 D0S1 D0S4 D0S8 D0S16 D16S0 D24S0 D32S0 Packed-D24S8 
19:54:23: FBO PF_SHORT_RGBA depth/stencil support: D0S0 D0S1 D0S4 D0S8 D0S16 D16S0 D24S0 D32S0 Packed-D24S8 
19:54:23: FBO PF_R3G3B2 depth/stencil support: D0S0 D0S1 D0S4 D0S8 D0S16 D16S0 D24S0 D32S0 Packed-D24S8 
19:54:23: FBO PF_SHORT_RGB depth/stencil support: D0S0 D0S1 D0S4 D0S8 D0S16 D16S0 D24S0 D32S0 Packed-D24S8 
19:54:23: [GL] : Valid FBO targets PF_UNKNOWN PF_R5G6B5 PF_B5G6R5 PF_A4R4G4B4 PF_A1R5G5B5 PF_R8G8B8 PF_B8G8R8 PF_A8R8G8B8 PF_B8G8R8A8 PF_A2R10G10B10 PF_A2B10G10R10 PF_FLOAT16_RGB PF_FLOAT16_RGBA PF_FLOAT32_RGB PF_FLOAT32_RGBA PF_X8R8G8B8 PF_X8B8G8R8 PF_SHORT_RGBA PF_R3G3B2 PF_SHORT_RGB 
19:54:23: RenderSystem capabilities
19:54:23: -------------------------
19:54:23: RenderSystem Name: OpenGL Rendering Subsystem
19:54:23: GPU Vendor: intel
19:54:23: Device Name: Parallels using Intel HD Graphics 5000 OpenGL Engine
19:54:23: Driver Version: 2.1.0.0
19:54:23:  * Fixed function pipeline: yes
19:54:23:  * Hardware generation of mipmaps: no
19:54:23:  * Texture blending: yes
19:54:23:  * Anisotropic texture filtering: yes
19:54:23:  * Dot product texture operation: yes
19:54:23:  * Cube mapping: yes
19:54:23:  * Hardware stencil buffer: yes
19:54:23:    - Stencil depth: 8
19:54:23:    - Two sided stencil support: yes
19:54:23:    - Wrap stencil values: yes
19:54:23:  * Hardware vertex / index buffers: yes
19:54:23:  * Vertex programs: yes
19:54:23:  * Number of floating-point constants for vertex programs: 1024
19:54:23:  * Number of integer constants for vertex programs: 0
19:54:23:  * Number of boolean constants for vertex programs: 0
19:54:23:  * Fragment programs: yes
19:54:23:  * Number of floating-point constants for fragment programs: 1024
19:54:23:  * Number of integer constants for fragment programs: 0
19:54:23:  * Number of boolean constants for fragment programs: 0
19:54:23:  * Geometry programs: yes
19:54:23:  * Number of floating-point constants for geometry programs: 4096
19:54:23:  * Number of integer constants for geometry programs: 0
19:54:23:  * Number of boolean constants for geometry programs: 0
19:54:23:  * Supported Shader Profiles: arbfp1 arbvp1 glsl gp4gp gpu_gp nvgp4
19:54:23:  * Texture Compression: yes
19:54:23:    - DXT: yes
19:54:23:    - VTC: no
19:54:23:    - PVRTC: no
19:54:23:  * Scissor Rectangle: yes
19:54:23:  * Hardware Occlusion Query: yes
19:54:23:  * User clip planes: yes
19:54:23:  * VET_UBYTE4 vertex element type: yes
19:54:23:  * Infinite far plane projection: yes
19:54:23:  * Hardware render-to-texture: yes
19:54:23:  * Floating point textures: yes
19:54:23:  * Non-power-of-two textures: yes
19:54:23:  * Volume textures: yes
19:54:23:  * Multiple Render Targets: 8
19:54:23:    - With different bit depths: yes
19:54:23:  * Point Sprites: yes
19:54:23:  * Extended point parameters: yes
19:54:23:  * Max Point Size: 64
19:54:23:  * Vertex texture fetch: yes
19:54:23:  * Number of world matrices: 0
19:54:23:  * Number of texture units: 16
19:54:23:  * Stencil buffer depth: 8
19:54:23:  * Number of vertex blend matrices: 0
19:54:23:    - Max vertex textures: 16
19:54:23:    - Vertex textures shared: yes
19:54:23:  * Render to Vertex Buffer : no
19:54:23:  * GL 1.5 without VBO workaround: no
19:54:23:  * Frame Buffer objects: yes
19:54:23:  * Frame Buffer objects (ARB extension): no
19:54:23:  * Frame Buffer objects (ATI extension): no
19:54:23:  * PBuffer support: yes
19:54:23:  * GL 1.5 without HW-occlusion workaround: no
19:54:23:  * Separate shader objects: no
19:54:23: DefaultWorkQueue('Root') initialising on thread 7ff8abdba840.
19:54:23: DefaultWorkQueue('Root')::WorkerFunc - thread 7ff8a2e54700 starting.
19:54:23: DefaultWorkQueue('Root')::WorkerFunc - thread 7ff8a2653700 starting.
19:54:23: Particle Renderer Type 'billboard' registered
19:54:23: Parsing scripts for resource group Autodetect
19:54:23: Finished parsing scripts for resource group Autodetect
19:54:23: Creating resources for group Autodetect
19:54:23: All done
19:54:23: Parsing scripts for resource group General
19:54:23: Parsing script Cube.material
19:54:23: Parsing script Ground.material
19:54:23: Parsing script Scene.material
19:54:23: Parsing script AxisMaterial.material
19:54:23: Parsing script PlateMaterial.material
19:54:23: Parsing script HeadMaterial.material
19:54:23: Parsing script WheelMaterial.material
19:54:23: Finished parsing scripts for resource group General
19:54:23: Creating resources for group General
19:54:23: All done
19:54:23: Parsing scripts for resource group Internal
19:54:23: Finished parsing scripts for resource group Internal
19:54:23: Creating resources for group Internal
19:54:23: All done
19:54:24: Texture: marble.jpg: Loading 1 faces(PF_R8G8B8,1024x1024x1) with 10 generated mipmaps from Image. Internal format is PF_X8R8G8B8,1024x1024x1.
19:54:24: Mesh: Loading RobotilloMesh.mesh.
19:54:24: Skeleton: Loading RobotilloMesh.skeleton
19:54:24: Texture: RobotTexture.png: Loading 1 faces(PF_R8G8B8,2500x1625x1) with 11 generated mipmaps from Image. Internal format is PF_X8R8G8B8,2500x1625x1.
19:54:24: Texture: DarkWheel.png: Loading 1 faces(PF_R8G8B8,1879x1317x1) with 10 generated mipmaps from Image. Internal format is PF_X8R8G8B8,1879x1317x1.
19:54:24: Creating resource group OgreBulletCollisions
19:54:24: Texture: spot_shadow_fade.png: Loading 1 faces(PF_R8G8B8,128x128x1) with 7 generated mipmaps from Image. Internal format is PF_X8R8G8B8,128x128x1.
19:54:32: Mesh: Loading cube.mesh.
19:54:32: Texture: Untitled.jpg: Loading 1 faces(PF_R8G8B8,512x512x1) with 9 generated mipmaps from Image. Internal format is PF_X8R8G8B8,512x512x1.
19:54:32: Texture: Cube1_tex.tga: Loading 1 faces(PF_A8R8G8B8,128x128x1) with 7 generated mipmaps from Image. Internal format is PF_A8R8G8B8,128x128x1.
11:44:59: OGRE EXCEPTION(4:ItemIdentityException): An object of type 'Entity' with name 'Box2' already exists. in SceneManager::createMovableObject at /build/buildd/ogre-1.8-1.8.1+dfsg/OgreMain/src/OgreSceneManager.cpp (line 6783)
11:44:59: DefaultWorkQueue('Root') shutting down on thread 7ff8abdba840.
11:44:59: DefaultWorkQueue('Root')::WorkerFunc - thread 7ff8a2e54700 stopped.
11:44:59: DefaultWorkQueue('Root')::WorkerFunc - thread 7ff8a2653700 stopped.
11:44:59: *-*-* OGRE Shutdown
11:44:59: Unregistering ResourceManager for type Compositor
11:44:59: Unregistering ResourceManager for type Font
11:44:59: Unregistering ResourceManager for type Skeleton
11:44:59: Unregistering ResourceManager for type Mesh
11:44:59: Unregistering ResourceManager for type HighLevelGpuProgram
11:44:59: Uninstalling plugin: GL RenderSystem
11:44:59: Unregistering ResourceManager for type GpuProgram
11:44:59: ******************************
*** Stopping GLX Subsystem ***
******************************
11:44:59: Unregistering ResourceManager for type Texture
11:44:59: Plugin successfully uninstalled
11:44:59: Unloading library /usr/lib/x86_64-linux-gnu/OGRE-1.8.0/RenderSystem_GL
11:44:59: Unregistering ResourceManager for type Material
